# JRE version: OpenJDK Runtime Environment (8.0_152-b01) (build 1.8.0_152-release-915-b01)
# Java VM: OpenJDK 64-Bit Server VM (25.152-b01 mixed mode linux-amd64 compressed oops)
Heap:
 PSYoungGen      total 351744K, used 22491K [0x00000000e0000000, 0x00000000f8980000, 0x0000000100000000)
  eden space 304640K, 0% used [0x00000000e0000000,0x00000000e0000000,0x00000000f2980000)
  from space 47104K, 47% used [0x00000000f2d80000,0x00000000f4376df8,0x00000000f5b80000)
  to   space 30720K, 0% used [0x00000000f6b80000,0x00000000f6b80000,0x00000000f8980000)
 ParOldGen       total 179200K, used 110274K [0x00000000a0000000, 0x00000000aaf00000, 0x00000000e0000000)
  object space 179200K, 61% used [0x00000000a0000000,0x00000000a6bb0a50,0x00000000aaf00000)
 Metaspace       used 73619K, capacity 76284K, committed 76632K, reserved 1116160K
  class space    used 9682K, capacity 10265K, committed 10368K, reserved 1048576K
GC Heap History (10 events):
Event: 36.301 GC heap after
Heap after GC invocations=16 (full 3):
 PSYoungGen      total 214528K, used 0K [0x00000000e0000000, 0x00000000f2200000, 0x0000000100000000)
  eden space 194048K, 0% used [0x00000000e0000000,0x00000000e0000000,0x00000000ebd80000)
  from space 20480K, 0% used [0x00000000ebd80000,0x00000000ebd80000,0x00000000ed180000)
  to   space 19456K, 0% used [0x00000000f0f00000,0x00000000f0f00000,0x00000000f2200000)
 ParOldGen       total 88064K, used 38583K [0x00000000a0000000, 0x00000000a5600000, 0x00000000e0000000)
  object space 88064K, 43% used [0x00000000a0000000,0x00000000a25add28,0x00000000a5600000)
 Metaspace       used 56993K, capacity 58858K, committed 59028K, reserved 1099776K
  class space    used 7737K, capacity 8160K, committed 8192K, reserved 1048576K
}
Event: 43.921 GC heap before
{Heap before GC invocations=17 (full 3):
 PSYoungGen      total 214528K, used 194048K [0x00000000e0000000, 0x00000000f2200000, 0x0000000100000000)
  eden space 194048K, 100% used [0x00000000e0000000,0x00000000ebd80000,0x00000000ebd80000)
  from space 20480K, 0% used [0x00000000ebd80000,0x00000000ebd80000,0x00000000ed180000)
  to   space 19456K, 0% used [0x00000000f0f00000,0x00000000f0f00000,0x00000000f2200000)
 ParOldGen       total 88064K, used 38583K [0x00000000a0000000, 0x00000000a5600000, 0x00000000e0000000)
  object space 88064K, 43% used [0x00000000a0000000,0x00000000a25add28,0x00000000a5600000)
 Metaspace       used 63220K, capacity 65194K, committed 65496K, reserved 1105920K
  class space    used 8400K, capacity 8880K, committed 8960K, reserved 1048576K
Event: 43.948 GC heap after
Heap after GC invocations=17 (full 3):
 PSYoungGen      total 260608K, used 13897K [0x00000000e0000000, 0x00000000f1d00000, 0x0000000100000000)
  eden space 246272K, 0% used [0x00000000e0000000,0x00000000e0000000,0x00000000ef080000)
  from space 14336K, 96% used [0x00000000f0f00000,0x00000000f1c925f0,0x00000000f1d00000)
  to   space 20480K, 0% used [0x00000000ef500000,0x00000000ef500000,0x00000000f0900000)
 ParOldGen       total 88064K, used 38599K [0x00000000a0000000, 0x00000000a5600000, 0x00000000e0000000)
  object space 88064K, 43% used [0x00000000a0000000,0x00000000a25b1d28,0x00000000a5600000)
 Metaspace       used 63220K, capacity 65194K, committed 65496K, reserved 1105920K
  class space    used 8400K, capacity 8880K, committed 8960K, reserved 1048576K
}
Event: 49.435 GC heap before
{Heap before GC invocations=18 (full 3):
 PSYoungGen      total 260608K, used 260169K [0x00000000e0000000, 0x00000000f1d00000, 0x0000000100000000)
  eden space 246272K, 100% used [0x00000000e0000000,0x00000000ef080000,0x00000000ef080000)
  from space 14336K, 96% used [0x00000000f0f00000,0x00000000f1c925f0,0x00000000f1d00000)
  to   space 20480K, 0% used [0x00000000ef500000,0x00000000ef500000,0x00000000f0900000)
 ParOldGen       total 88064K, used 38599K [0x00000000a0000000, 0x00000000a5600000, 0x00000000e0000000)
  object space 88064K, 43% used [0x00000000a0000000,0x00000000a25b1d28,0x00000000a5600000)
 Metaspace       used 71737K, capacity 74546K, committed 74584K, reserved 1114112K
  class space    used 9486K, capacity 10078K, committed 10112K, reserved 1048576K
Event: 49.559 GC heap after
Heap after GC invocations=18 (full 3):
 PSYoungGen      total 271360K, used 20451K [0x00000000e0000000, 0x00000000f9680000, 0x0000000100000000)
  eden space 250880K, 0% used [0x00000000e0000000,0x00000000e0000000,0x00000000ef500000)
  from space 20480K, 99% used [0x00000000ef500000,0x00000000f08f8fd8,0x00000000f0900000)
  to   space 44032K, 0% used [0x00000000f6b80000,0x00000000f6b80000,0x00000000f9680000)
 ParOldGen       total 95232K, used 94216K [0x00000000a0000000, 0x00000000a5d00000, 0x00000000e0000000)
  object space 95232K, 98% used [0x00000000a0000000,0x00000000a5c023a0,0x00000000a5d00000)
 Metaspace       used 71737K, capacity 74546K, committed 74584K, reserved 1114112K
  class space    used 9486K, capacity 10078K, committed 10112K, reserved 1048576K
}
Event: 49.560 GC heap before
{Heap before GC invocations=19 (full 4):
 PSYoungGen      total 271360K, used 20451K [0x00000000e0000000, 0x00000000f9680000, 0x0000000100000000)
  eden space 250880K, 0% used [0x00000000e0000000,0x00000000e0000000,0x00000000ef500000)
  from space 20480K, 99% used [0x00000000ef500000,0x00000000f08f8fd8,0x00000000f0900000)
  to   space 44032K, 0% used [0x00000000f6b80000,0x00000000f6b80000,0x00000000f9680000)
 ParOldGen       total 95232K, used 94216K [0x00000000a0000000, 0x00000000a5d00000, 0x00000000e0000000)
  object space 95232K, 98% used [0x00000000a0000000,0x00000000a5c023a0,0x00000000a5d00000)
 Metaspace       used 71737K, capacity 74546K, committed 74584K, reserved 1114112K
  class space    used 9486K, capacity 10078K, committed 10112K, reserved 1048576K
Event: 50.362 GC heap after
Heap after GC invocations=19 (full 4):
 PSYoungGen      total 271360K, used 15345K [0x00000000e0000000, 0x00000000f9680000, 0x0000000100000000)
  eden space 250880K, 0% used [0x00000000e0000000,0x00000000e0000000,0x00000000ef500000)
  from space 20480K, 74% used [0x00000000ef500000,0x00000000f03fc698,0x00000000f0900000)
  to   space 44032K, 0% used [0x00000000f6b80000,0x00000000f6b80000,0x00000000f9680000)
 ParOldGen       total 179200K, used 94958K [0x00000000a0000000, 0x00000000aaf00000, 0x00000000e0000000)
  object space 179200K, 52% used [0x00000000a0000000,0x00000000a5cbba78,0x00000000aaf00000)
 Metaspace       used 71614K, capacity 74198K, committed 74584K, reserved 1114112K
  class space    used 9444K, capacity 10004K, committed 10112K, reserved 1048576K
}
Event: 54.512 GC heap before
{Heap before GC invocations=20 (full 4):
 PSYoungGen      total 271360K, used 266132K [0x00000000e0000000, 0x00000000f9680000, 0x0000000100000000)
  eden space 250880K, 99% used [0x00000000e0000000,0x00000000ef4e89a0,0x00000000ef500000)
  from space 20480K, 74% used [0x00000000ef500000,0x00000000f03fc698,0x00000000f0900000)
  to   space 44032K, 0% used [0x00000000f6b80000,0x00000000f6b80000,0x00000000f9680000)
 ParOldGen       total 179200K, used 94958K [0x00000000a0000000, 0x00000000aaf00000, 0x00000000e0000000)
  object space 179200K, 52% used [0x00000000a0000000,0x00000000a5cbba78,0x00000000aaf00000)
 Metaspace       used 73605K, capacity 76284K, committed 76632K, reserved 1116160K
  class space    used 9682K, capacity 10265K, committed 10368K, reserved 1048576K
Event: 54.581 GC heap after
Heap after GC invocations=20 (full 4):
 PSYoungGen      total 335360K, used 30468K [0x00000000e0000000, 0x00000000f8980000, 0x0000000100000000)
  eden space 304640K, 0% used [0x00000000e0000000,0x00000000e0000000,0x00000000f2980000)
  from space 30720K, 99% used [0x00000000f6b80000,0x00000000f8941100,0x00000000f8980000)
  to   space 47104K, 0% used [0x00000000f2d80000,0x00000000f2d80000,0x00000000f5b80000)
 ParOldGen       total 179200K, used 110266K [0x00000000a0000000, 0x00000000aaf00000, 0x00000000e0000000)
  object space 179200K, 61% used [0x00000000a0000000,0x00000000a6baea50,0x00000000aaf00000)
 Metaspace       used 73605K, capacity 76284K, committed 76632K, reserved 1116160K
  class space    used 9682K, capacity 10265K, committed 10368K, reserved 1048576K
}
Event: 54.671 GC heap before
{Heap before GC invocations=21 (full 4):
 PSYoungGen      total 335360K, used 334290K [0x00000000e0000000, 0x00000000f8980000, 0x0000000100000000)
  eden space 304640K, 99% used [0x00000000e0000000,0x00000000f28b3ad0,0x00000000f2980000)
  from space 30720K, 99% used [0x00000000f6b80000,0x00000000f8941100,0x00000000f8980000)
  to   space 47104K, 0% used [0x00000000f2d80000,0x00000000f2d80000,0x00000000f5b80000)
 ParOldGen       total 179200K, used 110266K [0x00000000a0000000, 0x00000000aaf00000, 0x00000000e0000000)
  object space 179200K, 61% used [0x00000000a0000000,0x00000000a6baea50,0x00000000aaf00000)
 Metaspace       used 73619K, capacity 76284K, committed 76632K, reserved 1116160K
  class space    used 9682K, capacity 10265K, committed 10368K, reserved 1048576K

