# JRE version: OpenJDK Runtime Environment (8.0_152-b01) (build 1.8.0_152-release-915-b01)
# Java VM: OpenJDK 64-Bit Server VM (25.152-b01 mixed mode linux-amd64 compressed oops)
Heap:
 PSYoungGen      total 357376K, used 17662K [0x00000000e0000000, 0x00000000f8b00000, 0x0000000100000000)
  eden space 310272K, 0% used [0x00000000e0000000,0x00000000e0000000,0x00000000f2f00000)
  from space 47104K, 37% used [0x00000000f2f00000,0x00000000f403fa28,0x00000000f5d00000)
  to   space 43008K, 0% used [0x00000000f6100000,0x00000000f6100000,0x00000000f8b00000)
 ParOldGen       total 177664K, used 85342K [0x00000000a0000000, 0x00000000aad80000, 0x00000000e0000000)
  object space 177664K, 48% used [0x00000000a0000000,0x00000000a5357870,0x00000000aad80000)
 Metaspace       used 76547K, capacity 80030K, committed 80088K, reserved 1118208K
  class space    used 9726K, capacity 10468K, committed 10496K, reserved 1048576K
GC Heap History (10 events):
Event: 2045.395 GC heap after
Heap after GC invocations=22 (full 4):
 PSYoungGen      total 243712K, used 30075K [0x00000000e0000000, 0x00000000f2f80000, 0x0000000100000000)
  eden space 194560K, 0% used [0x00000000e0000000,0x00000000e0000000,0x00000000ebe00000)
  from space 49152K, 61% used [0x00000000eef80000,0x00000000f0cdec10,0x00000000f1f80000)
  to   space 50688K, 0% used [0x00000000ebe00000,0x00000000ebe00000,0x00000000eef80000)
 ParOldGen       total 177664K, used 80842K [0x00000000a0000000, 0x00000000aad80000, 0x00000000e0000000)
  object space 177664K, 45% used [0x00000000a0000000,0x00000000a4ef28f8,0x00000000aad80000)
 Metaspace       used 73580K, capacity 76406K, committed 77144K, reserved 1116160K
  class space    used 9363K, capacity 9990K, committed 10112K, reserved 1048576K
}
Event: 2047.450 GC heap before
{Heap before GC invocations=23 (full 4):
 PSYoungGen      total 243712K, used 224116K [0x00000000e0000000, 0x00000000f2f80000, 0x0000000100000000)
  eden space 194560K, 99% used [0x00000000e0000000,0x00000000ebd7e4b0,0x00000000ebe00000)
  from space 49152K, 61% used [0x00000000eef80000,0x00000000f0cdec10,0x00000000f1f80000)
  to   space 50688K, 0% used [0x00000000ebe00000,0x00000000ebe00000,0x00000000eef80000)
 ParOldGen       total 177664K, used 80842K [0x00000000a0000000, 0x00000000aad80000, 0x00000000e0000000)
  object space 177664K, 45% used [0x00000000a0000000,0x00000000a4ef28f8,0x00000000aad80000)
 Metaspace       used 75011K, capacity 78058K, committed 78424K, reserved 1118208K
  class space    used 9577K, capacity 10266K, committed 10368K, reserved 1048576K
Event: 2047.461 GC heap after
Heap after GC invocations=23 (full 4):
 PSYoungGen      total 245248K, used 14301K [0x00000000e0000000, 0x00000000f4b00000, 0x0000000100000000)
  eden space 194560K, 0% used [0x00000000e0000000,0x00000000e0000000,0x00000000ebe00000)
  from space 50688K, 28% used [0x00000000ebe00000,0x00000000ecbf76f0,0x00000000eef80000)
  to   space 48640K, 0% used [0x00000000f1b80000,0x00000000f1b80000,0x00000000f4b00000)
 ParOldGen       total 177664K, used 80850K [0x00000000a0000000, 0x00000000aad80000, 0x00000000e0000000)
  object space 177664K, 45% used [0x00000000a0000000,0x00000000a4ef48f8,0x00000000aad80000)
 Metaspace       used 75011K, capacity 78058K, committed 78424K, reserved 1118208K
  class space    used 9577K, capacity 10266K, committed 10368K, reserved 1048576K
}
Event: 2047.741 GC heap before
{Heap before GC invocations=24 (full 4):
 PSYoungGen      total 245248K, used 208764K [0x00000000e0000000, 0x00000000f4b00000, 0x0000000100000000)
  eden space 194560K, 99% used [0x00000000e0000000,0x00000000ebde7998,0x00000000ebe00000)
  from space 50688K, 28% used [0x00000000ebe00000,0x00000000ecbf76f0,0x00000000eef80000)
  to   space 48640K, 0% used [0x00000000f1b80000,0x00000000f1b80000,0x00000000f4b00000)
 ParOldGen       total 177664K, used 80850K [0x00000000a0000000, 0x00000000aad80000, 0x00000000e0000000)
  object space 177664K, 45% used [0x00000000a0000000,0x00000000a4ef48f8,0x00000000aad80000)
 Metaspace       used 75230K, capacity 78334K, committed 78680K, reserved 1118208K
  class space    used 9610K, capacity 10308K, committed 10368K, reserved 1048576K
Event: 2047.787 GC heap after
Heap after GC invocations=24 (full 4):
 PSYoungGen      total 291840K, used 9930K [0x00000000e0000000, 0x00000000f5600000, 0x0000000100000000)
  eden space 243200K, 0% used [0x00000000e0000000,0x00000000e0000000,0x00000000eed80000)
  from space 48640K, 20% used [0x00000000f1b80000,0x00000000f25329f0,0x00000000f4b00000)
  to   space 47104K, 0% used [0x00000000eed80000,0x00000000eed80000,0x00000000f1b80000)
 ParOldGen       total 177664K, used 80858K [0x00000000a0000000, 0x00000000aad80000, 0x00000000e0000000)
  object space 177664K, 45% used [0x00000000a0000000,0x00000000a4ef68f8,0x00000000aad80000)
 Metaspace       used 75230K, capacity 78334K, committed 78680K, reserved 1118208K
  class space    used 9610K, capacity 10308K, committed 10368K, reserved 1048576K
}
Event: 2184.772 GC heap before
{Heap before GC invocations=25 (full 4):
 PSYoungGen      total 291840K, used 253130K [0x00000000e0000000, 0x00000000f5600000, 0x0000000100000000)
  eden space 243200K, 100% used [0x00000000e0000000,0x00000000eed80000,0x00000000eed80000)
  from space 48640K, 20% used [0x00000000f1b80000,0x00000000f25329f0,0x00000000f4b00000)
  to   space 47104K, 0% used [0x00000000eed80000,0x00000000eed80000,0x00000000f1b80000)
 ParOldGen       total 177664K, used 80858K [0x00000000a0000000, 0x00000000aad80000, 0x00000000e0000000)
  object space 177664K, 45% used [0x00000000a0000000,0x00000000a4ef68f8,0x00000000aad80000)
 Metaspace       used 75651K, capacity 79032K, committed 79320K, reserved 1118208K
  class space    used 9662K, capacity 10403K, committed 10496K, reserved 1048576K
Event: 2184.820 GC heap after
Heap after GC invocations=25 (full 4):
 PSYoungGen      total 290304K, used 6817K [0x00000000e0000000, 0x00000000f8e00000, 0x0000000100000000)
  eden space 243200K, 0% used [0x00000000e0000000,0x00000000e0000000,0x00000000eed80000)
  from space 47104K, 14% used [0x00000000eed80000,0x00000000ef428588,0x00000000f1b80000)
  to   space 46080K, 0% used [0x00000000f6100000,0x00000000f6100000,0x00000000f8e00000)
 ParOldGen       total 177664K, used 80866K [0x00000000a0000000, 0x00000000aad80000, 0x00000000e0000000)
  object space 177664K, 45% used [0x00000000a0000000,0x00000000a4ef88f8,0x00000000aad80000)
 Metaspace       used 75651K, capacity 79032K, committed 79320K, reserved 1118208K
  class space    used 9662K, capacity 10403K, committed 10496K, reserved 1048576K
}
Event: 2198.497 GC heap before
{Heap before GC invocations=26 (full 4):
 PSYoungGen      total 290304K, used 247900K [0x00000000e0000000, 0x00000000f8e00000, 0x0000000100000000)
  eden space 243200K, 99% used [0x00000000e0000000,0x00000000eeb6ecb0,0x00000000eed80000)
  from space 47104K, 14% used [0x00000000eed80000,0x00000000ef428588,0x00000000f1b80000)
  to   space 46080K, 0% used [0x00000000f6100000,0x00000000f6100000,0x00000000f8e00000)
 ParOldGen       total 177664K, used 80866K [0x00000000a0000000, 0x00000000aad80000, 0x00000000e0000000)
  object space 177664K, 45% used [0x00000000a0000000,0x00000000a4ef88f8,0x00000000aad80000)
 Metaspace       used 76111K, capacity 79518K, committed 79832K, reserved 1118208K
  class space    used 9687K, capacity 10430K, committed 10496K, reserved 1048576K
Event: 2198.984 GC heap after
Heap after GC invocations=26 (full 4):
 PSYoungGen      total 353280K, used 27217K [0x00000000e0000000, 0x00000000f8b00000, 0x0000000100000000)
  eden space 310272K, 0% used [0x00000000e0000000,0x00000000e0000000,0x00000000f2f00000)
  from space 43008K, 63% used [0x00000000f6100000,0x00000000f7b94498,0x00000000f8b00000)
  to   space 47104K, 0% used [0x00000000f2f00000,0x00000000f2f00000,0x00000000f5d00000)
 ParOldGen       total 177664K, used 84576K [0x00000000a0000000, 0x00000000aad80000, 0x00000000e0000000)
  object space 177664K, 47% used [0x00000000a0000000,0x00000000a5298330,0x00000000aad80000)
 Metaspace       used 76111K, capacity 79518K, committed 79832K, reserved 1118208K
  class space    used 9687K, capacity 10430K, committed 10496K, reserved 1048576K
}
Event: 2200.969 GC heap before
{Heap before GC invocations=27 (full 4):
 PSYoungGen      total 353280K, used 336852K [0x00000000e0000000, 0x00000000f8b00000, 0x0000000100000000)
  eden space 310272K, 99% used [0x00000000e0000000,0x00000000f2e60c90,0x00000000f2f00000)
  from space 43008K, 63% used [0x00000000f6100000,0x00000000f7b94498,0x00000000f8b00000)
  to   space 47104K, 0% used [0x00000000f2f00000,0x00000000f2f00000,0x00000000f5d00000)
 ParOldGen       total 177664K, used 84576K [0x00000000a0000000, 0x00000000aad80000, 0x00000000e0000000)
  object space 177664K, 47% used [0x00000000a0000000,0x00000000a5298330,0x00000000aad80000)
 Metaspace       used 76547K, capacity 80030K, committed 80088K, reserved 1118208K
  class space    used 9726K, capacity 10468K, committed 10496K, reserved 1048576K

