# JRE version: OpenJDK Runtime Environment (8.0_152-b01) (build 1.8.0_152-release-915-b01)
# Java VM: OpenJDK 64-Bit Server VM (25.152-b01 mixed mode linux-amd64 compressed oops)
Heap:
 PSYoungGen      total 196608K, used 6624K [0x00000000e0000000, 0x00000000f0500000, 0x0000000100000000)
  eden space 189952K, 0% used [0x00000000e0000000,0x00000000e0000000,0x00000000eb980000)
  from space 6656K, 99% used [0x00000000efe80000,0x00000000f04f80a0,0x00000000f0500000)
  to   space 17408K, 0% used [0x00000000eed80000,0x00000000eed80000,0x00000000efe80000)
 ParOldGen       total 100864K, used 100545K [0x00000000a0000000, 0x00000000a6280000, 0x00000000e0000000)
  object space 100864K, 99% used [0x00000000a0000000,0x00000000a6230780,0x00000000a6280000)
 Metaspace       used 76779K, capacity 80214K, committed 80344K, reserved 1118208K
  class space    used 10022K, capacity 10719K, committed 10752K, reserved 1048576K
GC Heap History (10 events):
Event: 25.964 GC heap after
Heap after GC invocations=16 (full 2):
 PSYoungGen      total 220672K, used 2192K [0x00000000e0000000, 0x00000000eeb00000, 0x0000000100000000)
  eden space 205824K, 0% used [0x00000000e0000000,0x00000000e0000000,0x00000000ec900000)
  from space 14848K, 14% used [0x00000000edc80000,0x00000000edea4050,0x00000000eeb00000)
  to   space 17408K, 0% used [0x00000000ec900000,0x00000000ec900000,0x00000000eda00000)
 ParOldGen       total 54272K, used 48719K [0x00000000a0000000, 0x00000000a3500000, 0x00000000e0000000)
  object space 54272K, 89% used [0x00000000a0000000,0x00000000a2f93cd8,0x00000000a3500000)
 Metaspace       used 56981K, capacity 58790K, committed 58968K, reserved 1099776K
  class space    used 7745K, capacity 8195K, committed 8320K, reserved 1048576K
}
Event: 25.964 GC heap before
{Heap before GC invocations=17 (full 3):
 PSYoungGen      total 220672K, used 2192K [0x00000000e0000000, 0x00000000eeb00000, 0x0000000100000000)
  eden space 205824K, 0% used [0x00000000e0000000,0x00000000e0000000,0x00000000ec900000)
  from space 14848K, 14% used [0x00000000edc80000,0x00000000edea4050,0x00000000eeb00000)
  to   space 17408K, 0% used [0x00000000ec900000,0x00000000ec900000,0x00000000eda00000)
 ParOldGen       total 54272K, used 48719K [0x00000000a0000000, 0x00000000a3500000, 0x00000000e0000000)
  object space 54272K, 89% used [0x00000000a0000000,0x00000000a2f93cd8,0x00000000a3500000)
 Metaspace       used 56981K, capacity 58790K, committed 58968K, reserved 1099776K
  class space    used 7745K, capacity 8195K, committed 8320K, reserved 1048576K
Event: 26.250 GC heap after
Heap after GC invocations=17 (full 3):
 PSYoungGen      total 220672K, used 0K [0x00000000e0000000, 0x00000000eeb00000, 0x0000000100000000)
  eden space 205824K, 0% used [0x00000000e0000000,0x00000000e0000000,0x00000000ec900000)
  from space 14848K, 0% used [0x00000000edc80000,0x00000000edc80000,0x00000000eeb00000)
  to   space 17408K, 0% used [0x00000000ec900000,0x00000000ec900000,0x00000000eda00000)
 ParOldGen       total 96256K, used 37977K [0x00000000a0000000, 0x00000000a5e00000, 0x00000000e0000000)
  object space 96256K, 39% used [0x00000000a0000000,0x00000000a2516560,0x00000000a5e00000)
 Metaspace       used 56972K, capacity 58760K, committed 58968K, reserved 1099776K
  class space    used 7742K, capacity 8190K, committed 8320K, reserved 1048576K
}
Event: 108.670 GC heap before
{Heap before GC invocations=18 (full 3):
 PSYoungGen      total 220672K, used 205824K [0x00000000e0000000, 0x00000000eeb00000, 0x0000000100000000)
  eden space 205824K, 100% used [0x00000000e0000000,0x00000000ec900000,0x00000000ec900000)
  from space 14848K, 0% used [0x00000000edc80000,0x00000000edc80000,0x00000000eeb00000)
  to   space 17408K, 0% used [0x00000000ec900000,0x00000000ec900000,0x00000000eda00000)
 ParOldGen       total 96256K, used 37977K [0x00000000a0000000, 0x00000000a5e00000, 0x00000000e0000000)
  object space 96256K, 39% used [0x00000000a0000000,0x00000000a2516560,0x00000000a5e00000)
 Metaspace       used 62202K, capacity 64406K, committed 64728K, reserved 1105920K
  class space    used 8342K, capacity 8877K, committed 8960K, reserved 1048576K
Event: 108.689 GC heap after
Heap after GC invocations=18 (full 3):
 PSYoungGen      total 223232K, used 7978K [0x00000000e0000000, 0x00000000f1500000, 0x0000000100000000)
  eden space 205824K, 0% used [0x00000000e0000000,0x00000000e0000000,0x00000000ec900000)
  from space 17408K, 45% used [0x00000000ec900000,0x00000000ed0cab50,0x00000000eda00000)
  to   space 16896K, 0% used [0x00000000f0480000,0x00000000f0480000,0x00000000f1500000)
 ParOldGen       total 96256K, used 37985K [0x00000000a0000000, 0x00000000a5e00000, 0x00000000e0000000)
  object space 96256K, 39% used [0x00000000a0000000,0x00000000a2518560,0x00000000a5e00000)
 Metaspace       used 62202K, capacity 64406K, committed 64728K, reserved 1105920K
  class space    used 8342K, capacity 8877K, committed 8960K, reserved 1048576K
}
Event: 1374.257 GC heap before
{Heap before GC invocations=19 (full 3):
 PSYoungGen      total 223232K, used 213802K [0x00000000e0000000, 0x00000000f1500000, 0x0000000100000000)
  eden space 205824K, 100% used [0x00000000e0000000,0x00000000ec900000,0x00000000ec900000)
  from space 17408K, 45% used [0x00000000ec900000,0x00000000ed0cab50,0x00000000eda00000)
  to   space 16896K, 0% used [0x00000000f0480000,0x00000000f0480000,0x00000000f1500000)
 ParOldGen       total 96256K, used 37985K [0x00000000a0000000, 0x00000000a5e00000, 0x00000000e0000000)
  object space 96256K, 39% used [0x00000000a0000000,0x00000000a2518560,0x00000000a5e00000)
 Metaspace       used 63407K, capacity 65826K, committed 66136K, reserved 1105920K
  class space    used 8410K, capacity 8987K, committed 9088K, reserved 1048576K
Event: 1374.305 GC heap after
Heap after GC invocations=19 (full 3):
 PSYoungGen      total 208896K, used 10794K [0x00000000e0000000, 0x00000000f0f80000, 0x0000000100000000)
  eden space 197632K, 0% used [0x00000000e0000000,0x00000000e0000000,0x00000000ec100000)
  from space 11264K, 95% used [0x00000000f0480000,0x00000000f0f0a968,0x00000000f0f80000)
  to   space 17408K, 0% used [0x00000000eed80000,0x00000000eed80000,0x00000000efe80000)
 ParOldGen       total 96256K, used 37993K [0x00000000a0000000, 0x00000000a5e00000, 0x00000000e0000000)
  object space 96256K, 39% used [0x00000000a0000000,0x00000000a251a560,0x00000000a5e00000)
 Metaspace       used 63407K, capacity 65826K, committed 66136K, reserved 1105920K
  class space    used 8410K, capacity 8987K, committed 9088K, reserved 1048576K
}
Event: 1391.001 GC heap before
{Heap before GC invocations=20 (full 3):
 PSYoungGen      total 208896K, used 208426K [0x00000000e0000000, 0x00000000f0f80000, 0x0000000100000000)
  eden space 197632K, 100% used [0x00000000e0000000,0x00000000ec100000,0x00000000ec100000)
  from space 11264K, 95% used [0x00000000f0480000,0x00000000f0f0a968,0x00000000f0f80000)
  to   space 17408K, 0% used [0x00000000eed80000,0x00000000eed80000,0x00000000efe80000)
 ParOldGen       total 96256K, used 37993K [0x00000000a0000000, 0x00000000a5e00000, 0x00000000e0000000)
  object space 96256K, 39% used [0x00000000a0000000,0x00000000a251a560,0x00000000a5e00000)
 Metaspace       used 74908K, capacity 77840K, committed 78040K, reserved 1116160K
  class space    used 9771K, capacity 10396K, committed 10496K, reserved 1048576K
Event: 1391.053 GC heap after
Heap after GC invocations=20 (full 3):
 PSYoungGen      total 207360K, used 17390K [0x00000000e0000000, 0x00000000f0500000, 0x0000000100000000)
  eden space 189952K, 0% used [0x00000000e0000000,0x00000000e0000000,0x00000000eb980000)
  from space 17408K, 99% used [0x00000000eed80000,0x00000000efe7bb20,0x00000000efe80000)
  to   space 6656K, 0% used [0x00000000efe80000,0x00000000efe80000,0x00000000f0500000)
 ParOldGen       total 96256K, used 47866K [0x00000000a0000000, 0x00000000a5e00000, 0x00000000e0000000)
  object space 96256K, 49% used [0x00000000a0000000,0x00000000a2ebe890,0x00000000a5e00000)
 Metaspace       used 74908K, capacity 77840K, committed 78040K, reserved 1116160K
  class space    used 9771K, capacity 10396K, committed 10496K, reserved 1048576K
}
Event: 1393.626 GC heap before
{Heap before GC invocations=21 (full 3):
 PSYoungGen      total 207360K, used 207342K [0x00000000e0000000, 0x00000000f0500000, 0x0000000100000000)
  eden space 189952K, 100% used [0x00000000e0000000,0x00000000eb980000,0x00000000eb980000)
  from space 17408K, 99% used [0x00000000eed80000,0x00000000efe7bb20,0x00000000efe80000)
  to   space 6656K, 0% used [0x00000000efe80000,0x00000000efe80000,0x00000000f0500000)
 ParOldGen       total 96256K, used 47866K [0x00000000a0000000, 0x00000000a5e00000, 0x00000000e0000000)
  object space 96256K, 49% used [0x00000000a0000000,0x00000000a2ebe890,0x00000000a5e00000)
 Metaspace       used 76779K, capacity 80214K, committed 80344K, reserved 1118208K
  class space    used 10022K, capacity 10719K, committed 10752K, reserved 1048576K

